<?xml version="1.0" encoding="utf-8"?><testsuites name="pytest tests"><testsuite name="pytest" errors="0" failures="0" skipped="0" tests="28" time="25.526" timestamp="2026-06-16T09:31:44.870132+00:00" hostname="agent-env-22099165-845f-44b9-a9be-8c336cdf65ef"><testcase classname="backend.tests.test_sorry_kitty.TestAuth" name="test_root" time="0.300" /><testcase classname="backend.tests.test_sorry_kitty.TestAuth" name="test_signup_success" time="1.940" /><testcase classname="backend.tests.test_sorry_kitty.TestAuth" name="test_signup_duplicate_email" time="0.357" /><testcase classname="backend.tests.test_sorry_kitty.TestAuth" name="test_signup_short_password" time="0.039" /><testcase classname="backend.tests.test_sorry_kitty.TestAuth" name="test_signup_missing_fields" time="0.080" /><testcase classname="backend.tests.test_sorry_kitty.TestAuth" name="test_login_success" time="1.076" /><testcase classname="backend.tests.test_sorry_kitty.TestAuth" name="test_login_wrong_password" time="0.411" /><testcase classname="backend.tests.test_sorry_kitty.TestAuth" name="test_login_nonexistent" time="0.366" /><testcase classname="backend.tests.test_sorry_kitty.TestAuth" name="test_session_valid" time="0.933" /><testcase classname="backend.tests.test_sorry_kitty.TestAuth" name="test_session_invalid_token" time="0.402" /><testcase classname="backend.tests.test_sorry_kitty.TestAuth" name="test_session_no_token" time="0.080" /><testcase classname="backend.tests.test_sorry_kitty.TestAuth" name="test_logout_invalidates_session" time="2.356" /><testcase classname="backend.tests.test_sorry_kitty.TestCards" name="test_create_card" time="0.399" /><testcase classname="backend.tests.test_sorry_kitty.TestCards" name="test_create_card_missing_recipient" time="0.039" /><testcase classname="backend.tests.test_sorry_kitty.TestCards" name="test_create_card_missing_owner" time="0.039" /><testcase classname="backend.tests.test_sorry_kitty.TestCards" name="test_list_cards" time="0.360" /><testcase classname="backend.tests.test_sorry_kitty.TestCards" name="test_get_card_public" time="0.359" /><testcase classname="backend.tests.test_sorry_kitty.TestCards" name="test_get_card_not_found" time="0.363" /><testcase classname="backend.tests.test_sorry_kitty.TestCards" name="test_update_card_authorized" time="1.025" /><testcase classname="backend.tests.test_sorry_kitty.TestCards" name="test_update_card_unauthorized" time="0.326" /><testcase classname="backend.tests.test_sorry_kitty.TestCards" name="test_delete_card_unauthorized" time="0.337" /><testcase classname="backend.tests.test_sorry_kitty.TestCards" name="test_delete_card_authorized" time="1.017" /><testcase classname="backend.tests.test_sorry_kitty.TestChats" name="test_chat_flow" time="1.755" /><testcase classname="backend.tests.test_sorry_kitty.TestChats" name="test_chat_missing_fields" time="0.080" /><testcase classname="backend.tests.test_sorry_kitty.TestChats" name="test_is_from_owner_flag_persists" time="2.063" /><testcase classname="backend.tests.test_sorry_kitty.TestChats" name="test_participating_endpoint_excludes_owned_includes_participated" time="5.353" /><testcase classname="backend.tests.test_sorry_kitty.TestChats" name="test_participating_empty_for_new_user" time="2.079" /><testcase classname="backend.tests.test_sorry_kitty.TestNotifications" name="test_notifications_flow" time="1.456" /></testsuite></testsuites>