<?xml version="1.0" encoding="utf-8"?><testsuites name="pytest tests"><testsuite name="pytest" errors="0" failures="0" skipped="0" tests="25" time="16.506" timestamp="2026-06-16T09:11:00.928912+00:00" hostname="agent-env-22099165-845f-44b9-a9be-8c336cdf65ef"><testcase classname="backend.tests.test_sorry_kitty.TestAuth" name="test_root" time="0.260" /><testcase classname="backend.tests.test_sorry_kitty.TestAuth" name="test_signup_success" time="1.946" /><testcase classname="backend.tests.test_sorry_kitty.TestAuth" name="test_signup_duplicate_email" time="0.345" /><testcase classname="backend.tests.test_sorry_kitty.TestAuth" name="test_signup_short_password" time="0.047" /><testcase classname="backend.tests.test_sorry_kitty.TestAuth" name="test_signup_missing_fields" time="0.045" /><testcase classname="backend.tests.test_sorry_kitty.TestAuth" name="test_login_success" time="1.047" /><testcase classname="backend.tests.test_sorry_kitty.TestAuth" name="test_login_wrong_password" time="0.455" /><testcase classname="backend.tests.test_sorry_kitty.TestAuth" name="test_login_nonexistent" time="0.337" /><testcase classname="backend.tests.test_sorry_kitty.TestAuth" name="test_session_valid" time="1.439" /><testcase classname="backend.tests.test_sorry_kitty.TestAuth" name="test_session_invalid_token" time="0.352" /><testcase classname="backend.tests.test_sorry_kitty.TestAuth" name="test_session_no_token" time="0.042" /><testcase classname="backend.tests.test_sorry_kitty.TestAuth" name="test_logout_invalidates_session" time="2.395" /><testcase classname="backend.tests.test_sorry_kitty.TestCards" name="test_create_card" time="0.338" /><testcase classname="backend.tests.test_sorry_kitty.TestCards" name="test_create_card_missing_recipient" time="0.101" /><testcase classname="backend.tests.test_sorry_kitty.TestCards" name="test_create_card_missing_owner" time="0.044" /><testcase classname="backend.tests.test_sorry_kitty.TestCards" name="test_list_cards" time="0.484" /><testcase classname="backend.tests.test_sorry_kitty.TestCards" name="test_get_card_public" time="0.343" /><testcase classname="backend.tests.test_sorry_kitty.TestCards" name="test_get_card_not_found" time="0.355" /><testcase classname="backend.tests.test_sorry_kitty.TestCards" name="test_update_card_authorized" time="1.028" /><testcase classname="backend.tests.test_sorry_kitty.TestCards" name="test_update_card_unauthorized" time="0.350" /><testcase classname="backend.tests.test_sorry_kitty.TestCards" name="test_delete_card_unauthorized" time="0.334" /><testcase classname="backend.tests.test_sorry_kitty.TestCards" name="test_delete_card_authorized" time="0.984" /><testcase classname="backend.tests.test_sorry_kitty.TestChats" name="test_chat_flow" time="1.777" /><testcase classname="backend.tests.test_sorry_kitty.TestChats" name="test_chat_missing_fields" time="0.044" /><testcase classname="backend.tests.test_sorry_kitty.TestNotifications" name="test_notifications_flow" time="1.474" /></testsuite></testsuites>